<?xml version="1.0" encoding="UTF-8"?>
<!-- Generated by org.testng.reporters.JUnitXMLReporter -->
<testsuite ignored="0" hostname="Admin" failures="0" tests="3" name="Test" time="0.144" errors="0" timestamp="2021-06-28T20:20:10 PDT">
  <testcase classname="MavenSeleniumjava.SeleniumTest" name="BrowserAutomation" time="0.012"/>
  <testcase classname="MavenSeleniumjava.AppiumTest" name="AppiumAutomation" time="0.001"/>
  <testcase classname="MavenSeleniumjava.RestAPITest" name="RestAutomation" time="0.001"/>
</testsuite> <!-- Test -->
